2015-09-23 16:57:48 INFO  Main:26 - -------- PostgreSQL JDBC Connection Testing ------------
2015-09-23 16:57:48 INFO  Main:37 - PostgreSQL JDBC Driver Registered!
2015-09-23 16:57:48 INFO  Main:49 - You made it, take control your database now!
2015-09-23 19:32:36 INFO  Main:26 - -------- PostgreSQL JDBC Connection Testing ------------
2015-09-23 19:32:36 INFO  Main:37 - PostgreSQL JDBC Driver Registered!
2015-09-23 19:32:36 INFO  Main:49 - You made it, take control your database now!
2015-09-24 16:28:03 INFO  Main:26 - -------- PostgreSQL JDBC Connection Testing ------------
2015-09-24 16:28:03 INFO  Main:37 - PostgreSQL JDBC Driver Registered!
2015-09-24 16:28:04 INFO  Main:49 - You made it, take control your database now!
2015-09-28 08:47:27 INFO  Main:24 - -------- PostgreSQL JDBC Connection Testing ------------
2015-09-28 08:47:27 INFO  Main:35 - PostgreSQL JDBC Driver Registered!
2015-09-28 08:47:27 INFO  Main:52 - You made it, take control your database now!
2015-09-28 08:49:42 INFO  Main:25 - -------- PostgreSQL JDBC Connection Testing ------------
2015-09-28 08:49:42 INFO  Main:36 - PostgreSQL JDBC Driver Registered!
2015-09-28 08:49:42 INFO  Main:45 - Connection Failed! Check output console
2015-09-28 08:50:40 INFO  Main:25 - -------- PostgreSQL JDBC Connection Testing ------------
2015-09-28 08:50:40 INFO  Main:36 - PostgreSQL JDBC Driver Registered!
2015-09-28 08:50:40 INFO  Main:45 - Connection Failed! Check output console
2015-09-28 08:53:58 INFO  Main:25 - -------- PostgreSQL JDBC Connection Testing ------------
2015-09-28 08:53:58 INFO  Main:36 - PostgreSQL JDBC Driver Registered!
2015-09-28 08:53:58 INFO  Main:45 - Connection Failed! Check output console
2015-09-28 08:53:58 INFO  Main:58 - You made it, take control your database now!
2015-09-28 08:55:04 INFO  Main:25 - -------- PostgreSQL JDBC Connection Testing ------------
2015-09-28 08:55:04 INFO  Main:36 - PostgreSQL JDBC Driver Registered!
2015-09-28 08:55:04 INFO  Main:52 - Connection Failed! Check output console
2015-09-28 08:55:04 INFO  Main:65 - You made it, take control your database now!
2015-09-28 08:55:12 INFO  Main:25 - -------- PostgreSQL JDBC Connection Testing ------------
2015-09-28 08:55:12 INFO  Main:36 - PostgreSQL JDBC Driver Registered!
2015-09-28 08:55:12 INFO  Main:52 - Connection Failed! Check output console
2015-09-28 08:55:12 INFO  Main:65 - You made it, take control your database now!
2015-09-28 08:55:16 INFO  Main:25 - -------- PostgreSQL JDBC Connection Testing ------------
2015-09-28 08:55:16 INFO  Main:36 - PostgreSQL JDBC Driver Registered!
2015-09-28 08:55:16 INFO  Main:52 - Connection Failed! Check output console
2015-09-28 08:55:16 INFO  Main:65 - You made it, take control your database now!
2015-09-28 08:57:56 INFO  Main:25 - -------- PostgreSQL JDBC Connection Testing ------------
2015-09-28 08:57:56 INFO  Main:36 - PostgreSQL JDBC Driver Registered!
2015-09-28 08:57:56 INFO  Main:52 - Connection Failed! Check output console
2015-09-28 08:57:56 INFO  Main:65 - You made it, take control your database now!
2015-09-28 08:58:39 INFO  Main:25 - -------- PostgreSQL JDBC Connection Testing ------------
2015-09-28 08:58:39 INFO  Main:36 - PostgreSQL JDBC Driver Registered!
2015-09-28 08:58:39 INFO  Main:52 - Connection Failed! Check output console
2015-09-28 08:58:39 INFO  Main:65 - You made it, take control your database now!
2015-09-28 08:58:39 ERROR Main:95 - Exception caught when trying to listen on port 1234 or listening for a connection
2015-09-28 08:58:39 INFO  Main:97 - Address already in use
2015-09-28 08:59:06 INFO  Main:25 - -------- PostgreSQL JDBC Connection Testing ------------
2015-09-28 08:59:06 INFO  Main:36 - PostgreSQL JDBC Driver Registered!
2015-09-28 08:59:06 INFO  Main:52 - Connection Failed! Check output console
2015-09-28 08:59:06 INFO  Main:65 - You made it, take control your database now!
2015-09-28 08:59:06 ERROR Main:95 - Exception caught when trying to listen on port 1234 or listening for a connection
2015-09-28 08:59:06 INFO  Main:97 - Address already in use
2015-09-28 09:03:17 INFO  Main:25 - -------- PostgreSQL JDBC Connection Testing ------------
2015-09-28 09:03:17 INFO  Main:36 - PostgreSQL JDBC Driver Registered!
2015-09-28 09:03:17 INFO  Main:52 - Connection Failed! Check output console
2015-09-28 09:03:17 INFO  Main:65 - You made it, take control your database now!
2015-09-28 09:03:17 ERROR Main:95 - Exception caught when trying to listen on port 1234 or listening for a connection
2015-09-28 09:03:17 INFO  Main:97 - Address already in use
2015-09-28 09:03:36 INFO  Main:25 - -------- PostgreSQL JDBC Connection Testing ------------
2015-09-28 09:03:36 INFO  Main:36 - PostgreSQL JDBC Driver Registered!
2015-09-28 09:03:37 INFO  Main:52 - Connection Failed! Check output console
2015-09-28 09:03:37 INFO  Main:65 - You made it, take control your database now!
2015-09-28 09:06:10 INFO  Main:25 - -------- PostgreSQL JDBC Connection Testing ------------
2015-09-28 09:06:10 INFO  Main:36 - PostgreSQL JDBC Driver Registered!
2015-09-28 09:06:10 INFO  Main:52 - Connection Failed! Check output console
2015-09-28 09:06:10 INFO  Main:65 - You made it, take control your database now!
2015-09-28 09:06:10 ERROR Main:95 - Exception caught when trying to listen on port 1234 or listening for a connection
2015-09-28 09:06:10 INFO  Main:97 - Address already in use
2015-09-28 09:06:17 INFO  Main:25 - -------- PostgreSQL JDBC Connection Testing ------------
2015-09-28 09:06:17 INFO  Main:36 - PostgreSQL JDBC Driver Registered!
2015-09-28 09:06:18 INFO  Main:52 - Connection Failed! Check output console
2015-09-28 09:06:18 INFO  Main:65 - You made it, take control your database now!
2015-09-28 09:06:18 ERROR Main:95 - Exception caught when trying to listen on port 1234 or listening for a connection
2015-09-28 09:06:18 INFO  Main:97 - Address already in use
2015-09-28 09:07:18 INFO  Main:25 - -------- PostgreSQL JDBC Connection Testing ------------
2015-09-28 09:07:18 INFO  Main:36 - PostgreSQL JDBC Driver Registered!
2015-09-28 09:07:18 INFO  Main:52 - Connection Failed! Check output console
2015-09-28 09:07:18 INFO  Main:65 - You made it, take control your database now!
2015-09-28 09:07:18 ERROR Main:95 - Exception caught when trying to listen on port 1234 or listening for a connection
2015-09-28 09:07:18 INFO  Main:97 - Address already in use
2015-09-28 09:07:22 INFO  Main:25 - -------- PostgreSQL JDBC Connection Testing ------------
2015-09-28 09:07:22 INFO  Main:36 - PostgreSQL JDBC Driver Registered!
2015-09-28 09:07:22 INFO  Main:52 - Connection Failed! Check output console
2015-09-28 09:07:23 INFO  Main:65 - You made it, take control your database now!
2015-09-28 09:07:23 ERROR Main:95 - Exception caught when trying to listen on port 1234 or listening for a connection
2015-09-28 09:07:23 INFO  Main:97 - Address already in use
2015-09-28 09:07:28 INFO  Main:25 - -------- PostgreSQL JDBC Connection Testing ------------
2015-09-28 09:07:28 INFO  Main:36 - PostgreSQL JDBC Driver Registered!
2015-09-28 09:07:28 INFO  Main:52 - Connection Failed! Check output console
2015-09-28 09:07:28 INFO  Main:65 - You made it, take control your database now!
2015-09-28 09:07:28 ERROR Main:95 - Exception caught when trying to listen on port 1234 or listening for a connection
2015-09-28 09:07:28 INFO  Main:97 - Address already in use
2015-09-28 09:08:14 INFO  Main:25 - -------- PostgreSQL JDBC Connection Testing ------------
2015-09-28 09:08:14 INFO  Main:36 - PostgreSQL JDBC Driver Registered!
2015-09-28 09:08:14 INFO  Main:52 - Connection Failed! Check output console
2015-09-28 09:08:14 INFO  Main:65 - You made it, take control your database now!
2015-09-28 09:11:49 INFO  Main:25 - -------- PostgreSQL JDBC Connection Testing ------------
2015-09-28 09:11:49 INFO  Main:36 - PostgreSQL JDBC Driver Registered!
2015-09-28 09:11:49 INFO  Main:56 - Connection Failed! Check output console
2015-09-28 09:11:49 INFO  Main:69 - You made it, take control your database now!
2015-09-28 09:11:49 ERROR Main:99 - Exception caught when trying to listen on port 1234 or listening for a connection
2015-09-28 09:11:49 INFO  Main:101 - Address already in use
2015-09-28 09:13:09 INFO  Main:25 - -------- PostgreSQL JDBC Connection Testing ------------
2015-09-28 09:13:09 INFO  Main:36 - PostgreSQL JDBC Driver Registered!
2015-09-28 09:13:09 INFO  Main:56 - Connection Failed! Check output console
2015-09-28 09:13:09 INFO  Main:69 - You made it, take control your database now!
2015-09-28 09:13:09 ERROR Main:99 - Exception caught when trying to listen on port 1234 or listening for a connection
2015-09-28 09:13:09 INFO  Main:101 - Address already in use
2015-09-28 09:13:42 INFO  Main:25 - -------- PostgreSQL JDBC Connection Testing ------------
2015-09-28 09:13:42 INFO  Main:36 - PostgreSQL JDBC Driver Registered!
2015-09-28 09:13:42 INFO  Main:56 - Connection Failed! Check output console
2015-09-28 09:13:42 INFO  Main:69 - You made it, take control your database now!
2015-09-28 09:13:42 ERROR Main:99 - Exception caught when trying to listen on port 1234 or listening for a connection
2015-09-28 09:13:42 INFO  Main:101 - Address already in use
2015-09-28 09:13:54 INFO  Main:25 - -------- PostgreSQL JDBC Connection Testing ------------
2015-09-28 09:13:54 INFO  Main:36 - PostgreSQL JDBC Driver Registered!
2015-09-28 09:13:54 INFO  Main:56 - Connection Failed! Check output console
2015-09-28 09:13:54 INFO  Main:69 - You made it, take control your database now!
2015-09-28 09:13:54 ERROR Main:99 - Exception caught when trying to listen on port 1234 or listening for a connection
2015-09-28 09:13:54 INFO  Main:101 - Address already in use
2015-09-28 09:14:11 INFO  Main:25 - -------- PostgreSQL JDBC Connection Testing ------------
2015-09-28 09:14:11 INFO  Main:36 - PostgreSQL JDBC Driver Registered!
2015-09-28 09:14:12 INFO  Main:56 - Connection Failed! Check output console
2015-09-28 09:14:12 INFO  Main:69 - You made it, take control your database now!
2015-09-28 09:14:12 ERROR Main:99 - Exception caught when trying to listen on port 1234 or listening for a connection
2015-09-28 09:14:12 INFO  Main:101 - Address already in use
2015-09-28 09:14:59 INFO  Main:25 - -------- PostgreSQL JDBC Connection Testing ------------
2015-09-28 09:14:59 INFO  Main:36 - PostgreSQL JDBC Driver Registered!
2015-09-28 09:14:59 INFO  Main:56 - Connection Failed! Check output console
2015-09-28 09:14:59 INFO  Main:69 - You made it, take control your database now!
2015-09-28 09:14:59 ERROR Main:99 - Exception caught when trying to listen on port 1234 or listening for a connection
2015-09-28 09:14:59 INFO  Main:101 - Address already in use
2015-09-28 09:16:50 INFO  Main:25 - -------- PostgreSQL JDBC Connection Testing ------------
2015-09-28 09:16:50 INFO  Main:36 - PostgreSQL JDBC Driver Registered!
2015-09-28 09:16:50 INFO  Main:47 - Setup unsuccessful
2015-09-28 09:16:50 INFO  Main:69 - You made it, take control your database now!
2015-09-28 09:16:50 ERROR Main:99 - Exception caught when trying to listen on port 1234 or listening for a connection
2015-09-28 09:16:50 INFO  Main:101 - Address already in use
2015-09-28 09:16:57 INFO  Main:25 - -------- PostgreSQL JDBC Connection Testing ------------
2015-09-28 09:16:57 INFO  Main:36 - PostgreSQL JDBC Driver Registered!
2015-09-28 09:16:57 INFO  Main:47 - Setup unsuccessful
2015-09-28 09:16:57 INFO  Main:69 - You made it, take control your database now!
2015-09-28 09:16:57 ERROR Main:99 - Exception caught when trying to listen on port 1234 or listening for a connection
2015-09-28 09:16:57 INFO  Main:101 - Address already in use
2015-09-28 09:17:13 INFO  Main:25 - -------- PostgreSQL JDBC Connection Testing ------------
2015-09-28 09:17:13 INFO  Main:36 - PostgreSQL JDBC Driver Registered!
2015-09-28 09:17:13 INFO  Main:47 - Setup unsuccessful
2015-09-28 09:17:13 INFO  Main:69 - You made it, take control your database now!
2015-09-28 09:17:13 ERROR Main:99 - Exception caught when trying to listen on port 1234 or listening for a connection
2015-09-28 09:17:13 INFO  Main:101 - Address already in use
2015-09-28 09:17:28 INFO  Main:25 - -------- PostgreSQL JDBC Connection Testing ------------
2015-09-28 09:17:28 INFO  Main:36 - PostgreSQL JDBC Driver Registered!
2015-09-28 09:17:28 INFO  Main:47 - Setup unsuccessful
2015-09-28 09:17:28 INFO  Main:69 - You made it, take control your database now!
2015-09-28 09:17:28 ERROR Main:99 - Exception caught when trying to listen on port 1234 or listening for a connection
2015-09-28 09:17:28 INFO  Main:101 - Address already in use
2015-09-28 09:17:48 INFO  Main:25 - -------- PostgreSQL JDBC Connection Testing ------------
2015-09-28 09:17:48 INFO  Main:36 - PostgreSQL JDBC Driver Registered!
2015-09-28 09:17:48 INFO  Main:47 - Setup unsuccessful
2015-09-28 09:17:48 INFO  Main:69 - You made it, take control your database now!
2015-09-28 09:17:48 ERROR Main:99 - Exception caught when trying to listen on port 1234 or listening for a connection
2015-09-28 09:17:48 INFO  Main:101 - Address already in use
2015-09-28 09:24:56 INFO  Main:25 - -------- PostgreSQL JDBC Connection Testing ------------
2015-09-28 09:24:56 INFO  Main:36 - PostgreSQL JDBC Driver Registered!
2015-09-28 09:24:56 INFO  Main:71 - You made it, take control your database now!
2015-09-28 09:24:56 ERROR Main:101 - Exception caught when trying to listen on port 1234 or listening for a connection
2015-09-28 09:24:56 INFO  Main:103 - Address already in use
2015-09-28 09:25:36 INFO  Main:25 - -------- PostgreSQL JDBC Connection Testing ------------
2015-09-28 09:25:36 INFO  Main:36 - PostgreSQL JDBC Driver Registered!
2015-09-28 09:25:37 INFO  Main:57 - Executed setup queries
2015-09-28 09:25:37 INFO  Main:72 - You made it, take control your database now!
2015-09-28 09:25:37 ERROR Main:102 - Exception caught when trying to listen on port 1234 or listening for a connection
2015-09-28 09:25:37 INFO  Main:104 - Address already in use
