2015-09-23 16:57:51 INFO  Main:30 - Server: Knock! Knock!
2015-09-23 16:57:56 INFO  Main:36 - Client: Who's there?
2015-09-23 16:57:56 INFO  Main:30 - Server: Turnip
2015-09-23 16:57:58 INFO  Main:36 - Client: Turnip who?
2015-09-23 16:57:58 INFO  Main:30 - Server: Turnip the heat, it's cold in here! Want another? (y/n)
2015-09-23 16:57:59 INFO  Main:36 - Client: n
2015-09-23 16:57:59 INFO  Main:30 - Server: Bye.
2015-09-23 19:32:40 INFO  Main:30 - Server: Knock! Knock!
2015-09-23 19:32:48 INFO  Main:36 - Client: Who's there?
2015-09-23 19:32:48 INFO  Main:30 - Server: Turnip
2015-09-23 19:32:55 INFO  Main:36 - Client: Turnip who?
2015-09-23 19:32:55 INFO  Main:30 - Server: Turnip the heat, it's cold in here! Want another? (y/n)
2015-09-23 19:32:59 INFO  Main:36 - Client: n
2015-09-23 19:32:59 INFO  Main:30 - Server: Bye.
2015-09-24 16:28:08 INFO  Main:30 - Server: Knock! Knock!
2015-09-24 16:28:16 INFO  Main:36 - Client: Who's there?
2015-09-24 16:28:16 INFO  Main:30 - Server: Turnip
2015-09-24 16:28:21 INFO  Main:36 - Client: Turnip who?
2015-09-24 16:28:21 INFO  Main:30 - Server: Turnip the heat, it's cold in here! Want another? (y/n)
2015-09-24 16:28:30 INFO  Main:36 - Client: n
2015-09-24 16:28:30 INFO  Main:30 - Server: Bye.
